Arguments: 
  /snap/node/5322/bin/node /snap/node/5322/bin/yarn.js global bin

PATH: 
  /home/saadoun/.cache/cloud-code/installer/google-cloud-sdk/bin:/home/saadoun/.poetry/bin:/home/saadoun/.poetry/bin:/home/saadoun/.local/bin:/home/saadoun/.yarn/bin:~/.nvm/versions/node/v14.17.3/bin:/home/saadoun/.poetry/bin:/home/linuxbrew/.linuxbrew/bin:/home/linuxbrew/.linuxbrew/sbin:/home/saadoun/.local/bin:/usr/local/sbin:/usr/local/bin:/usr/sbin:/usr/bin:/sbin:/bin:/usr/games:/usr/local/games:/snap/bin

Yarn version: 
  1.22.5

Node version: 
  14.17.6

Platform: 
  linux x64

Trace: 
  Error: package.json: EACCES: permission denied, write
      at writeSync (fs.js:733:3)
      at SyncWriteStream._write (internal/fs/sync_write_stream.js:24:3)
      at writeOrBuffer (internal/streams/writable.js:358:12)
      at SyncWriteStream.Writable.write (internal/streams/writable.js:303:10)
      at ConsoleReporter.warn (/snap/node/5322/lib/cli.js:96792:17)
      at warn (/snap/node/5322/lib/cli.js:51521:23)
      at module.exports.exports.default (/snap/node/5322/lib/cli.js:37358:7)
      at /snap/node/5322/lib/cli.js:51532:51
      at Generator.next (<anonymous>)
      at step (/snap/node/5322/lib/cli.js:310:30)

npm manifest: 
  {}

yarn manifest: 
  No manifest

Lockfile: 
  No lockfile
